2025-09-10 15:04:31 | INFO | Logging to file: logs/project_log.log
2025-09-10 15:04:31 | INFO | Log sanitization enabled, personal info removed
2025-09-10 15:04:31 | INFO | Project root: /home/USER/projects/buzzline-03-StCyr
2025-09-10 15:04:31 | INFO | Data folder: /home/USER/projects/buzzline-03-StCyr/data
2025-09-10 15:04:31 | INFO | Data file: /home/USER/projects/buzzline-03-StCyr/data/smoker_temps.csv
2025-09-10 15:04:31 | INFO | START producer.
2025-09-10 15:04:31 | INFO | Kafka broker address: localhost:9092
2025-09-10 15:04:31 | ERROR | Error checking Kafka: NoBrokersAvailable
2025-09-10 15:04:31 | ERROR | Kafka broker is not ready. Please check your Kafka setup. Exiting...
2025-09-10 15:07:41 | INFO | Logging to file: logs/project_log.log
2025-09-10 15:07:41 | INFO | Log sanitization enabled, personal info removed
2025-09-10 15:07:41 | INFO | Project root: /home/USER/projects/buzzline-03-StCyr
2025-09-10 15:07:41 | INFO | Data folder: /home/USER/projects/buzzline-03-StCyr/data
2025-09-10 15:07:41 | INFO | Data file: /home/USER/projects/buzzline-03-StCyr/data/smoker_temps.csv
2025-09-10 15:07:41 | INFO | START producer.
2025-09-10 15:07:41 | INFO | Kafka broker address: localhost:9092
2025-09-10 15:07:42 | INFO | Kafka is ready. Brokers: {'throttle_time_ms': 0, 'brokers': [{'node_id': 0, 'host': 'LAPTOP-QR57APK6.localdomain', 'port': 9092, 'rack': None}], 'cluster_id': 'mufS1ncvQqO9MGHsgwE-Ew', 'controller_id': 0}
2025-09-10 15:07:42 | INFO | Kafka topic: smoker_csv
2025-09-10 15:07:42 | INFO | Message interval: 5 seconds
2025-09-10 15:07:42 | INFO | Kafka broker address: localhost:9092
2025-09-10 15:07:42 | INFO | Connecting to Kafka broker at localhost:9092...
2025-09-10 15:07:42 | INFO | Kafka producer successfully created.
2025-09-10 15:07:42 | INFO | Kafka broker address: localhost:9092
2025-09-10 15:07:42 | INFO | Topic 'smoker_csv' created successfully.
2025-09-10 15:07:43 | INFO | Kafka topic 'smoker_csv' is ready.
2025-09-10 15:07:43 | INFO | Starting message production to topic 'smoker_csv'...
2025-09-10 15:07:43 | INFO | Opening data file in read mode: /home/USER/projects/buzzline-03-StCyr/data/smoker_temps.csv
2025-09-10 15:07:43 | INFO | Reading data from file: /home/USER/projects/buzzline-03-StCyr/data/smoker_temps.csv
2025-09-10 15:07:43 | INFO | Sent message to topic 'smoker_csv': {'timestamp': '2025-09-10T20:07:43.005109', 'temperature': 70.4}
2025-09-10 15:07:48 | INFO | Sent message to topic 'smoker_csv': {'timestamp': '2025-09-10T20:07:48.074954', 'temperature': 70.8}
2025-09-10 15:07:53 | INFO | Sent message to topic 'smoker_csv': {'timestamp': '2025-09-10T20:07:53.079796', 'temperature': 71.2}
2025-09-10 15:07:55 | INFO | Sent message to topic 'smoker_csv': {'timestamp': '2025-09-10T20:07:55.598836', 'temperature': 71.6}
2025-09-10 15:08:00 | INFO | Sent message to topic 'smoker_csv': {'timestamp': '2025-09-10T20:08:00.602648', 'temperature': 72.0}
2025-09-10 15:08:05 | INFO | Sent message to topic 'smoker_csv': {'timestamp': '2025-09-10T20:08:05.604530', 'temperature': 72.4}
2025-09-10 15:08:10 | INFO | Sent message to topic 'smoker_csv': {'timestamp': '2025-09-10T20:08:10.607725', 'temperature': 72.8}
2025-09-10 15:08:15 | INFO | Sent message to topic 'smoker_csv': {'timestamp': '2025-09-10T20:08:15.610863', 'temperature': 73.2}
2025-09-10 15:08:20 | INFO | Sent message to topic 'smoker_csv': {'timestamp': '2025-09-10T20:08:20.613961', 'temperature': 73.6}
2025-09-10 15:08:23 | INFO | Sent message to topic 'smoker_csv': {'timestamp': '2025-09-10T20:08:23.137009', 'temperature': 74.0}
2025-09-10 15:08:28 | INFO | Sent message to topic 'smoker_csv': {'timestamp': '2025-09-10T20:08:28.140117', 'temperature': 74.4}
2025-09-10 15:08:33 | INFO | Sent message to topic 'smoker_csv': {'timestamp': '2025-09-10T20:08:33.145114', 'temperature': 74.8}
2025-09-10 15:08:38 | INFO | Sent message to topic 'smoker_csv': {'timestamp': '2025-09-10T20:08:38.148990', 'temperature': 75.2}
2025-09-10 15:08:43 | INFO | Sent message to topic 'smoker_csv': {'timestamp': '2025-09-10T20:08:43.152674', 'temperature': 75.6}
2025-09-10 15:08:48 | INFO | Sent message to topic 'smoker_csv': {'timestamp': '2025-09-10T20:08:48.157417', 'temperature': 76.0}
2025-09-10 15:08:53 | INFO | Sent message to topic 'smoker_csv': {'timestamp': '2025-09-10T20:08:53.159544', 'temperature': 76.4}
2025-09-10 15:08:55 | INFO | Sent message to topic 'smoker_csv': {'timestamp': '2025-09-10T20:08:55.681292', 'temperature': 76.8}
2025-09-10 15:09:00 | INFO | Sent message to topic 'smoker_csv': {'timestamp': '2025-09-10T20:09:00.685693', 'temperature': 77.2}
2025-09-10 15:09:05 | INFO | Sent message to topic 'smoker_csv': {'timestamp': '2025-09-10T20:09:05.689640', 'temperature': 77.6}
2025-09-10 15:09:10 | INFO | Sent message to topic 'smoker_csv': {'timestamp': '2025-09-10T20:09:10.693614', 'temperature': 78.0}
2025-09-10 15:09:15 | INFO | Sent message to topic 'smoker_csv': {'timestamp': '2025-09-10T20:09:15.696252', 'temperature': 78.4}
2025-09-10 15:09:20 | INFO | Sent message to topic 'smoker_csv': {'timestamp': '2025-09-10T20:09:20.702358', 'temperature': 78.8}
2025-09-10 15:09:23 | INFO | Sent message to topic 'smoker_csv': {'timestamp': '2025-09-10T20:09:23.226008', 'temperature': 79.2}
2025-09-10 15:09:28 | INFO | Sent message to topic 'smoker_csv': {'timestamp': '2025-09-10T20:09:28.229769', 'temperature': 79.6}
2025-09-10 15:09:33 | INFO | Sent message to topic 'smoker_csv': {'timestamp': '2025-09-10T20:09:33.231449', 'temperature': 80.0}
2025-09-10 15:09:38 | INFO | Sent message to topic 'smoker_csv': {'timestamp': '2025-09-10T20:09:38.234686', 'temperature': 80.4}
2025-09-10 15:09:43 | INFO | Sent message to topic 'smoker_csv': {'timestamp': '2025-09-10T20:09:43.239117', 'temperature': 80.8}
2025-09-10 15:09:48 | INFO | Sent message to topic 'smoker_csv': {'timestamp': '2025-09-10T20:09:48.241575', 'temperature': 81.2}
2025-09-10 15:09:53 | INFO | Sent message to topic 'smoker_csv': {'timestamp': '2025-09-10T20:09:53.244930', 'temperature': 81.6}
2025-09-10 15:09:55 | INFO | Sent message to topic 'smoker_csv': {'timestamp': '2025-09-10T20:09:55.765165', 'temperature': 82.0}
2025-09-10 15:10:00 | INFO | Sent message to topic 'smoker_csv': {'timestamp': '2025-09-10T20:10:00.768993', 'temperature': 82.4}
2025-09-10 15:10:05 | INFO | Sent message to topic 'smoker_csv': {'timestamp': '2025-09-10T20:10:05.771643', 'temperature': 82.8}
2025-09-10 15:10:10 | INFO | Sent message to topic 'smoker_csv': {'timestamp': '2025-09-10T20:10:10.774924', 'temperature': 83.2}
2025-09-10 15:10:15 | INFO | Sent message to topic 'smoker_csv': {'timestamp': '2025-09-10T20:10:15.777608', 'temperature': 83.6}
2025-09-10 15:10:20 | INFO | Sent message to topic 'smoker_csv': {'timestamp': '2025-09-10T20:10:20.869860', 'temperature': 84.0}
2025-09-10 15:10:23 | INFO | Sent message to topic 'smoker_csv': {'timestamp': '2025-09-10T20:10:23.394855', 'temperature': 84.4}
2025-09-10 15:10:28 | INFO | Sent message to topic 'smoker_csv': {'timestamp': '2025-09-10T20:10:28.398198', 'temperature': 84.8}
2025-09-10 15:10:33 | INFO | Sent message to topic 'smoker_csv': {'timestamp': '2025-09-10T20:10:33.403433', 'temperature': 85.2}
2025-09-10 15:10:38 | INFO | Sent message to topic 'smoker_csv': {'timestamp': '2025-09-10T20:10:38.405771', 'temperature': 85.6}
2025-09-10 15:10:43 | INFO | Sent message to topic 'smoker_csv': {'timestamp': '2025-09-10T20:10:43.408088', 'temperature': 86.0}
2025-09-10 15:10:48 | INFO | Sent message to topic 'smoker_csv': {'timestamp': '2025-09-10T20:10:48.418315', 'temperature': 86.4}
2025-09-10 15:10:53 | INFO | Sent message to topic 'smoker_csv': {'timestamp': '2025-09-10T20:10:53.422973', 'temperature': 86.8}
2025-09-10 15:10:55 | INFO | Sent message to topic 'smoker_csv': {'timestamp': '2025-09-10T20:10:55.946649', 'temperature': 87.2}
2025-09-10 15:11:00 | INFO | Sent message to topic 'smoker_csv': {'timestamp': '2025-09-10T20:11:00.951073', 'temperature': 87.6}
2025-09-10 15:11:05 | INFO | Sent message to topic 'smoker_csv': {'timestamp': '2025-09-10T20:11:05.954112', 'temperature': 88.0}
2025-09-10 15:11:10 | INFO | Sent message to topic 'smoker_csv': {'timestamp': '2025-09-10T20:11:10.956468', 'temperature': 88.4}
2025-09-10 15:11:15 | INFO | Sent message to topic 'smoker_csv': {'timestamp': '2025-09-10T20:11:15.959734', 'temperature': 88.8}
2025-09-10 15:11:20 | INFO | Sent message to topic 'smoker_csv': {'timestamp': '2025-09-10T20:11:20.964188', 'temperature': 89.2}
2025-09-10 15:11:23 | INFO | Sent message to topic 'smoker_csv': {'timestamp': '2025-09-10T20:11:23.484205', 'temperature': 89.6}
2025-09-10 15:11:28 | INFO | Sent message to topic 'smoker_csv': {'timestamp': '2025-09-10T20:11:28.490640', 'temperature': 90.0}
2025-09-10 15:11:33 | INFO | Sent message to topic 'smoker_csv': {'timestamp': '2025-09-10T20:11:33.496081', 'temperature': 90.4}
2025-09-10 15:11:38 | INFO | Sent message to topic 'smoker_csv': {'timestamp': '2025-09-10T20:11:38.500125', 'temperature': 90.8}
2025-09-10 15:11:43 | INFO | Sent message to topic 'smoker_csv': {'timestamp': '2025-09-10T20:11:43.502143', 'temperature': 91.2}
2025-09-10 15:11:48 | INFO | Sent message to topic 'smoker_csv': {'timestamp': '2025-09-10T20:11:48.514785', 'temperature': 91.6}
2025-09-10 15:11:53 | INFO | Sent message to topic 'smoker_csv': {'timestamp': '2025-09-10T20:11:53.517604', 'temperature': 92.0}
2025-09-10 15:11:56 | INFO | Sent message to topic 'smoker_csv': {'timestamp': '2025-09-10T20:11:56.041752', 'temperature': 92.4}
2025-09-10 15:12:01 | INFO | Sent message to topic 'smoker_csv': {'timestamp': '2025-09-10T20:12:01.045272', 'temperature': 92.8}
2025-09-10 15:12:06 | INFO | Sent message to topic 'smoker_csv': {'timestamp': '2025-09-10T20:12:06.051922', 'temperature': 93.2}
2025-09-10 15:12:11 | INFO | Sent message to topic 'smoker_csv': {'timestamp': '2025-09-10T20:12:11.056161', 'temperature': 93.6}
2025-09-10 15:12:16 | INFO | Sent message to topic 'smoker_csv': {'timestamp': '2025-09-10T20:12:16.058898', 'temperature': 94.0}
2025-09-10 15:12:21 | INFO | Sent message to topic 'smoker_csv': {'timestamp': '2025-09-10T20:12:21.062098', 'temperature': 94.4}
2025-09-10 15:12:23 | INFO | Sent message to topic 'smoker_csv': {'timestamp': '2025-09-10T20:12:23.583519', 'temperature': 94.8}
2025-09-10 15:12:28 | INFO | Sent message to topic 'smoker_csv': {'timestamp': '2025-09-10T20:12:28.591825', 'temperature': 95.2}
2025-09-10 15:12:33 | INFO | Sent message to topic 'smoker_csv': {'timestamp': '2025-09-10T20:12:33.596664', 'temperature': 95.6}
2025-09-10 15:12:38 | INFO | Sent message to topic 'smoker_csv': {'timestamp': '2025-09-10T20:12:38.600479', 'temperature': 96.0}
2025-09-10 15:12:43 | INFO | Sent message to topic 'smoker_csv': {'timestamp': '2025-09-10T20:12:43.605168', 'temperature': 96.4}
2025-09-10 15:12:48 | INFO | Sent message to topic 'smoker_csv': {'timestamp': '2025-09-10T20:12:48.612112', 'temperature': 96.8}
2025-09-10 15:12:51 | INFO | Sent message to topic 'smoker_csv': {'timestamp': '2025-09-10T20:12:51.131660', 'temperature': 97.2}
2025-09-10 15:12:56 | INFO | Sent message to topic 'smoker_csv': {'timestamp': '2025-09-10T20:12:56.133947', 'temperature': 97.6}
2025-09-10 15:13:01 | INFO | Sent message to topic 'smoker_csv': {'timestamp': '2025-09-10T20:13:01.135574', 'temperature': 98.0}
2025-09-10 15:13:06 | INFO | Sent message to topic 'smoker_csv': {'timestamp': '2025-09-10T20:13:06.139216', 'temperature': 98.4}
2025-09-10 15:13:11 | INFO | Sent message to topic 'smoker_csv': {'timestamp': '2025-09-10T20:13:11.144380', 'temperature': 98.8}
2025-09-10 15:13:16 | INFO | Sent message to topic 'smoker_csv': {'timestamp': '2025-09-10T20:13:16.148746', 'temperature': 99.2}
2025-09-10 15:13:21 | INFO | Sent message to topic 'smoker_csv': {'timestamp': '2025-09-10T20:13:21.156241', 'temperature': 99.6}
2025-09-10 15:13:23 | INFO | Sent message to topic 'smoker_csv': {'timestamp': '2025-09-10T20:13:23.679726', 'temperature': 100.0}
2025-09-10 15:13:28 | INFO | Sent message to topic 'smoker_csv': {'timestamp': '2025-09-10T20:13:28.686316', 'temperature': 100.4}
2025-09-10 15:13:33 | INFO | Sent message to topic 'smoker_csv': {'timestamp': '2025-09-10T20:13:33.694656', 'temperature': 100.8}
2025-09-10 15:13:38 | INFO | Sent message to topic 'smoker_csv': {'timestamp': '2025-09-10T20:13:38.698598', 'temperature': 101.2}
2025-09-10 15:13:43 | INFO | Sent message to topic 'smoker_csv': {'timestamp': '2025-09-10T20:13:43.701876', 'temperature': 101.6}
2025-09-10 15:13:48 | INFO | Sent message to topic 'smoker_csv': {'timestamp': '2025-09-10T20:13:48.705748', 'temperature': 102.0}
2025-09-10 15:13:51 | INFO | Sent message to topic 'smoker_csv': {'timestamp': '2025-09-10T20:13:51.227286', 'temperature': 102.4}
2025-09-10 15:13:56 | INFO | Sent message to topic 'smoker_csv': {'timestamp': '2025-09-10T20:13:56.230629', 'temperature': 102.8}
2025-09-10 15:14:01 | INFO | Sent message to topic 'smoker_csv': {'timestamp': '2025-09-10T20:14:01.236607', 'temperature': 103.2}
2025-09-10 15:14:06 | INFO | Sent message to topic 'smoker_csv': {'timestamp': '2025-09-10T20:14:06.239166', 'temperature': 103.6}
2025-09-10 15:14:11 | INFO | Sent message to topic 'smoker_csv': {'timestamp': '2025-09-10T20:14:11.242905', 'temperature': 104.0}
2025-09-10 15:14:16 | INFO | Sent message to topic 'smoker_csv': {'timestamp': '2025-09-10T20:14:16.248174', 'temperature': 104.4}
2025-09-10 15:14:21 | INFO | Sent message to topic 'smoker_csv': {'timestamp': '2025-09-10T20:14:21.253417', 'temperature': 104.8}
2025-09-10 15:14:23 | INFO | Sent message to topic 'smoker_csv': {'timestamp': '2025-09-10T20:14:23.774060', 'temperature': 105.2}
2025-09-10 15:14:28 | INFO | Sent message to topic 'smoker_csv': {'timestamp': '2025-09-10T20:14:28.776752', 'temperature': 105.6}
2025-09-10 15:14:33 | INFO | Sent message to topic 'smoker_csv': {'timestamp': '2025-09-10T20:14:33.783396', 'temperature': 106.0}
2025-09-10 15:14:38 | INFO | Sent message to topic 'smoker_csv': {'timestamp': '2025-09-10T20:14:38.786086', 'temperature': 106.4}
2025-09-10 15:14:43 | INFO | Sent message to topic 'smoker_csv': {'timestamp': '2025-09-10T20:14:43.790891', 'temperature': 106.8}
2025-09-10 15:14:48 | INFO | Sent message to topic 'smoker_csv': {'timestamp': '2025-09-10T20:14:48.796142', 'temperature': 107.2}
2025-09-10 15:14:51 | INFO | Sent message to topic 'smoker_csv': {'timestamp': '2025-09-10T20:14:51.324253', 'temperature': 107.6}
2025-09-10 15:14:56 | INFO | Sent message to topic 'smoker_csv': {'timestamp': '2025-09-10T20:14:56.327976', 'temperature': 108.0}
2025-09-10 15:15:01 | INFO | Sent message to topic 'smoker_csv': {'timestamp': '2025-09-10T20:15:01.332438', 'temperature': 108.4}
2025-09-10 15:15:06 | INFO | Sent message to topic 'smoker_csv': {'timestamp': '2025-09-10T20:15:06.335362', 'temperature': 108.8}
2025-09-10 15:15:11 | INFO | Sent message to topic 'smoker_csv': {'timestamp': '2025-09-10T20:15:11.337144', 'temperature': 109.2}
2025-09-10 15:15:16 | INFO | Sent message to topic 'smoker_csv': {'timestamp': '2025-09-10T20:15:16.339336', 'temperature': 109.6}
2025-09-10 15:15:21 | INFO | Sent message to topic 'smoker_csv': {'timestamp': '2025-09-10T20:15:21.342327', 'temperature': 110.0}
2025-09-10 15:15:23 | INFO | Sent message to topic 'smoker_csv': {'timestamp': '2025-09-10T20:15:23.865757', 'temperature': 110.4}
2025-09-10 15:15:28 | INFO | Sent message to topic 'smoker_csv': {'timestamp': '2025-09-10T20:15:28.868591', 'temperature': 110.8}
2025-09-10 15:15:33 | INFO | Sent message to topic 'smoker_csv': {'timestamp': '2025-09-10T20:15:33.874671', 'temperature': 111.2}
2025-09-10 15:15:38 | INFO | Sent message to topic 'smoker_csv': {'timestamp': '2025-09-10T20:15:38.877605', 'temperature': 111.6}
2025-09-10 15:15:43 | INFO | Sent message to topic 'smoker_csv': {'timestamp': '2025-09-10T20:15:43.879324', 'temperature': 112.0}
2025-09-10 15:15:48 | INFO | Sent message to topic 'smoker_csv': {'timestamp': '2025-09-10T20:15:48.881619', 'temperature': 112.4}
2025-09-10 15:15:51 | INFO | Sent message to topic 'smoker_csv': {'timestamp': '2025-09-10T20:15:51.399189', 'temperature': 112.8}
2025-09-10 15:15:56 | INFO | Sent message to topic 'smoker_csv': {'timestamp': '2025-09-10T20:15:56.401786', 'temperature': 113.2}
2025-09-10 15:16:01 | INFO | Sent message to topic 'smoker_csv': {'timestamp': '2025-09-10T20:16:01.403453', 'temperature': 113.6}
2025-09-10 15:16:06 | INFO | Sent message to topic 'smoker_csv': {'timestamp': '2025-09-10T20:16:06.406397', 'temperature': 114.0}
2025-09-10 15:16:11 | INFO | Sent message to topic 'smoker_csv': {'timestamp': '2025-09-10T20:16:11.410044', 'temperature': 114.4}
2025-09-10 15:16:16 | INFO | Sent message to topic 'smoker_csv': {'timestamp': '2025-09-10T20:16:16.412043', 'temperature': 114.8}
2025-09-10 15:16:21 | INFO | Sent message to topic 'smoker_csv': {'timestamp': '2025-09-10T20:16:21.415736', 'temperature': 115.2}
2025-09-10 15:16:23 | INFO | Sent message to topic 'smoker_csv': {'timestamp': '2025-09-10T20:16:23.938495', 'temperature': 115.6}
2025-09-10 15:16:28 | INFO | Sent message to topic 'smoker_csv': {'timestamp': '2025-09-10T20:16:28.941991', 'temperature': 116.0}
2025-09-10 15:16:33 | INFO | Sent message to topic 'smoker_csv': {'timestamp': '2025-09-10T20:16:33.944896', 'temperature': 116.4}
2025-09-10 15:16:38 | INFO | Sent message to topic 'smoker_csv': {'timestamp': '2025-09-10T20:16:38.948356', 'temperature': 116.8}
2025-09-10 15:16:43 | INFO | Sent message to topic 'smoker_csv': {'timestamp': '2025-09-10T20:16:43.950990', 'temperature': 117.2}
2025-09-10 15:16:48 | INFO | Sent message to topic 'smoker_csv': {'timestamp': '2025-09-10T20:16:48.955290', 'temperature': 117.6}
2025-09-10 15:16:51 | INFO | Sent message to topic 'smoker_csv': {'timestamp': '2025-09-10T20:16:51.478255', 'temperature': 118.0}
2025-09-10 15:16:56 | INFO | Sent message to topic 'smoker_csv': {'timestamp': '2025-09-10T20:16:56.480232', 'temperature': 118.4}
2025-09-10 15:17:01 | INFO | Sent message to topic 'smoker_csv': {'timestamp': '2025-09-10T20:17:01.482893', 'temperature': 118.8}
2025-09-10 15:17:06 | INFO | Sent message to topic 'smoker_csv': {'timestamp': '2025-09-10T20:17:06.488037', 'temperature': 119.2}
2025-09-10 15:17:11 | INFO | Sent message to topic 'smoker_csv': {'timestamp': '2025-09-10T20:17:11.492045', 'temperature': 119.6}
2025-09-10 15:17:16 | INFO | Sent message to topic 'smoker_csv': {'timestamp': '2025-09-10T20:17:16.496039', 'temperature': 120.0}
2025-09-10 15:17:19 | INFO | Sent message to topic 'smoker_csv': {'timestamp': '2025-09-10T20:17:19.017429', 'temperature': 120.4}
2025-09-10 15:17:24 | INFO | Sent message to topic 'smoker_csv': {'timestamp': '2025-09-10T20:17:24.020073', 'temperature': 120.8}
2025-09-10 15:17:29 | INFO | Sent message to topic 'smoker_csv': {'timestamp': '2025-09-10T20:17:29.024388', 'temperature': 121.2}
2025-09-10 15:17:34 | INFO | Sent message to topic 'smoker_csv': {'timestamp': '2025-09-10T20:17:34.027521', 'temperature': 121.6}
2025-09-10 15:17:39 | INFO | Sent message to topic 'smoker_csv': {'timestamp': '2025-09-10T20:17:39.030657', 'temperature': 122.0}
2025-09-10 15:17:44 | INFO | Sent message to topic 'smoker_csv': {'timestamp': '2025-09-10T20:17:44.036771', 'temperature': 122.4}
2025-09-10 15:17:49 | INFO | Sent message to topic 'smoker_csv': {'timestamp': '2025-09-10T20:17:49.040439', 'temperature': 122.8}
2025-09-10 15:17:51 | INFO | Sent message to topic 'smoker_csv': {'timestamp': '2025-09-10T20:17:51.562188', 'temperature': 123.2}
2025-09-10 15:17:56 | INFO | Sent message to topic 'smoker_csv': {'timestamp': '2025-09-10T20:17:56.564600', 'temperature': 123.6}
2025-09-10 15:18:01 | INFO | Sent message to topic 'smoker_csv': {'timestamp': '2025-09-10T20:18:01.570378', 'temperature': 124.0}
2025-09-10 15:18:06 | INFO | Sent message to topic 'smoker_csv': {'timestamp': '2025-09-10T20:18:06.575213', 'temperature': 124.4}
2025-09-10 15:18:11 | INFO | Sent message to topic 'smoker_csv': {'timestamp': '2025-09-10T20:18:11.578511', 'temperature': 124.8}
2025-09-10 15:18:16 | INFO | Sent message to topic 'smoker_csv': {'timestamp': '2025-09-10T20:18:16.581856', 'temperature': 125.2}
2025-09-10 15:18:19 | INFO | Sent message to topic 'smoker_csv': {'timestamp': '2025-09-10T20:18:19.107896', 'temperature': 125.6}
2025-09-10 15:18:24 | INFO | Sent message to topic 'smoker_csv': {'timestamp': '2025-09-10T20:18:24.111425', 'temperature': 126.0}
2025-09-10 15:18:29 | INFO | Sent message to topic 'smoker_csv': {'timestamp': '2025-09-10T20:18:29.119103', 'temperature': 126.4}
2025-09-10 15:18:34 | INFO | Sent message to topic 'smoker_csv': {'timestamp': '2025-09-10T20:18:34.122132', 'temperature': 126.8}
2025-09-10 15:18:39 | INFO | Sent message to topic 'smoker_csv': {'timestamp': '2025-09-10T20:18:39.124399', 'temperature': 127.2}
2025-09-10 15:18:44 | INFO | Sent message to topic 'smoker_csv': {'timestamp': '2025-09-10T20:18:44.127003', 'temperature': 127.6}
2025-09-10 15:18:49 | INFO | Sent message to topic 'smoker_csv': {'timestamp': '2025-09-10T20:18:49.132300', 'temperature': 128.0}
2025-09-10 15:18:48 | INFO | Logging to file: logs/project_log.log
2025-09-10 15:18:48 | INFO | Log sanitization enabled, personal info removed
2025-09-10 15:18:51 | INFO | Sent message to topic 'smoker_csv': {'timestamp': '2025-09-10T20:18:51.665391', 'temperature': 128.4}
2025-09-10 15:18:56 | INFO | Sent message to topic 'smoker_csv': {'timestamp': '2025-09-10T20:18:56.669363', 'temperature': 128.8}
2025-09-10 15:19:01 | INFO | Sent message to topic 'smoker_csv': {'timestamp': '2025-09-10T20:19:01.677056', 'temperature': 129.2}
2025-09-10 15:19:06 | INFO | Sent message to topic 'smoker_csv': {'timestamp': '2025-09-10T20:19:06.682312', 'temperature': 129.6}
2025-09-10 15:19:11 | INFO | Sent message to topic 'smoker_csv': {'timestamp': '2025-09-10T20:19:11.685435', 'temperature': 130.0}
2025-09-10 15:19:16 | INFO | Sent message to topic 'smoker_csv': {'timestamp': '2025-09-10T20:19:16.688676', 'temperature': 130.4}
2025-09-10 15:19:19 | INFO | Sent message to topic 'smoker_csv': {'timestamp': '2025-09-10T20:19:19.211063', 'temperature': 130.8}
2025-09-10 15:19:24 | INFO | Sent message to topic 'smoker_csv': {'timestamp': '2025-09-10T20:19:24.217973', 'temperature': 131.2}
2025-09-10 15:19:29 | INFO | Sent message to topic 'smoker_csv': {'timestamp': '2025-09-10T20:19:29.221838', 'temperature': 131.6}
2025-09-10 15:19:34 | INFO | Sent message to topic 'smoker_csv': {'timestamp': '2025-09-10T20:19:34.226683', 'temperature': 132.0}
2025-09-10 15:19:39 | INFO | Sent message to topic 'smoker_csv': {'timestamp': '2025-09-10T20:19:39.231651', 'temperature': 132.4}
2025-09-10 15:19:44 | INFO | Sent message to topic 'smoker_csv': {'timestamp': '2025-09-10T20:19:44.236785', 'temperature': 132.8}
2025-09-10 15:19:49 | INFO | Sent message to topic 'smoker_csv': {'timestamp': '2025-09-10T20:19:49.245465', 'temperature': 133.2}
2025-09-10 15:19:51 | INFO | Sent message to topic 'smoker_csv': {'timestamp': '2025-09-10T20:19:51.771457', 'temperature': 133.6}
2025-09-10 15:19:56 | INFO | Sent message to topic 'smoker_csv': {'timestamp': '2025-09-10T20:19:56.773639', 'temperature': 134.0}
2025-09-10 15:20:01 | INFO | Sent message to topic 'smoker_csv': {'timestamp': '2025-09-10T20:20:01.776469', 'temperature': 134.4}
2025-09-10 15:20:06 | INFO | Sent message to topic 'smoker_csv': {'timestamp': '2025-09-10T20:20:06.777894', 'temperature': 134.8}
2025-09-10 15:20:11 | INFO | Sent message to topic 'smoker_csv': {'timestamp': '2025-09-10T20:20:11.781647', 'temperature': 135.2}
2025-09-10 15:20:16 | INFO | Sent message to topic 'smoker_csv': {'timestamp': '2025-09-10T20:20:16.788724', 'temperature': 135.6}
2025-09-10 15:20:19 | INFO | Sent message to topic 'smoker_csv': {'timestamp': '2025-09-10T20:20:19.309590', 'temperature': 136.0}
2025-09-10 15:20:24 | INFO | Sent message to topic 'smoker_csv': {'timestamp': '2025-09-10T20:20:24.312885', 'temperature': 136.4}
2025-09-10 15:20:29 | INFO | Sent message to topic 'smoker_csv': {'timestamp': '2025-09-10T20:20:29.315676', 'temperature': 136.8}
2025-09-10 15:20:34 | INFO | Sent message to topic 'smoker_csv': {'timestamp': '2025-09-10T20:20:34.319231', 'temperature': 137.2}
2025-09-10 15:20:39 | INFO | Sent message to topic 'smoker_csv': {'timestamp': '2025-09-10T20:20:39.322124', 'temperature': 137.6}
2025-09-10 15:20:44 | INFO | Sent message to topic 'smoker_csv': {'timestamp': '2025-09-10T20:20:44.324584', 'temperature': 138.0}
2025-09-10 15:20:49 | INFO | Sent message to topic 'smoker_csv': {'timestamp': '2025-09-10T20:20:49.327950', 'temperature': 138.4}
2025-09-10 15:20:51 | INFO | Sent message to topic 'smoker_csv': {'timestamp': '2025-09-10T20:20:51.847823', 'temperature': 138.8}
2025-09-10 15:20:56 | INFO | Sent message to topic 'smoker_csv': {'timestamp': '2025-09-10T20:20:56.851812', 'temperature': 139.2}
2025-09-10 15:21:01 | INFO | Sent message to topic 'smoker_csv': {'timestamp': '2025-09-10T20:21:01.854527', 'temperature': 139.6}
2025-09-10 15:21:06 | INFO | Sent message to topic 'smoker_csv': {'timestamp': '2025-09-10T20:21:06.856102', 'temperature': 140.0}
2025-09-10 15:21:11 | INFO | Sent message to topic 'smoker_csv': {'timestamp': '2025-09-10T20:21:11.863632', 'temperature': 140.4}
2025-09-10 15:21:16 | INFO | Sent message to topic 'smoker_csv': {'timestamp': '2025-09-10T20:21:16.867526', 'temperature': 140.8}
2025-09-10 15:21:19 | INFO | Sent message to topic 'smoker_csv': {'timestamp': '2025-09-10T20:21:19.390335', 'temperature': 141.2}
2025-09-10 15:21:24 | INFO | Sent message to topic 'smoker_csv': {'timestamp': '2025-09-10T20:21:24.393527', 'temperature': 141.6}
2025-09-10 15:21:29 | INFO | Sent message to topic 'smoker_csv': {'timestamp': '2025-09-10T20:21:29.397103', 'temperature': 142.0}
2025-09-10 15:21:34 | INFO | Sent message to topic 'smoker_csv': {'timestamp': '2025-09-10T20:21:34.399557', 'temperature': 142.2}
2025-09-10 15:21:39 | INFO | Sent message to topic 'smoker_csv': {'timestamp': '2025-09-10T20:21:39.403082', 'temperature': 142.0}
2025-09-10 15:21:44 | INFO | Sent message to topic 'smoker_csv': {'timestamp': '2025-09-10T20:21:44.410805', 'temperature': 142.2}
2025-09-10 15:21:46 | INFO | Sent message to topic 'smoker_csv': {'timestamp': '2025-09-10T20:21:46.934771', 'temperature': 142.0}
2025-09-10 15:21:51 | INFO | Sent message to topic 'smoker_csv': {'timestamp': '2025-09-10T20:21:51.941090', 'temperature': 142.2}
2025-09-10 15:21:56 | INFO | Sent message to topic 'smoker_csv': {'timestamp': '2025-09-10T20:21:56.944830', 'temperature': 142.0}
2025-09-10 15:22:01 | INFO | Sent message to topic 'smoker_csv': {'timestamp': '2025-09-10T20:22:01.949184', 'temperature': 142.2}
2025-09-10 15:22:06 | INFO | Sent message to topic 'smoker_csv': {'timestamp': '2025-09-10T20:22:06.953129', 'temperature': 142.0}
2025-09-10 15:22:11 | INFO | Sent message to topic 'smoker_csv': {'timestamp': '2025-09-10T20:22:11.959440', 'temperature': 142.2}
2025-09-10 15:22:16 | INFO | Sent message to topic 'smoker_csv': {'timestamp': '2025-09-10T20:22:16.973650', 'temperature': 142.0}
2025-09-10 15:22:19 | INFO | Sent message to topic 'smoker_csv': {'timestamp': '2025-09-10T20:22:19.494654', 'temperature': 142.2}
2025-09-10 15:22:24 | INFO | Sent message to topic 'smoker_csv': {'timestamp': '2025-09-10T20:22:24.499726', 'temperature': 142.0}
2025-09-10 15:22:29 | INFO | Sent message to topic 'smoker_csv': {'timestamp': '2025-09-10T20:22:29.502909', 'temperature': 142.2}
2025-09-10 15:22:34 | INFO | Sent message to topic 'smoker_csv': {'timestamp': '2025-09-10T20:22:34.507176', 'temperature': 142.0}
2025-09-10 15:22:39 | INFO | Sent message to topic 'smoker_csv': {'timestamp': '2025-09-10T20:22:39.512950', 'temperature': 142.2}
2025-09-10 15:22:44 | INFO | Sent message to topic 'smoker_csv': {'timestamp': '2025-09-10T20:22:44.519349', 'temperature': 142.0}
2025-09-10 15:22:47 | INFO | Sent message to topic 'smoker_csv': {'timestamp': '2025-09-10T20:22:47.039401', 'temperature': 142.2}
2025-09-10 15:22:52 | INFO | Sent message to topic 'smoker_csv': {'timestamp': '2025-09-10T20:22:52.044522', 'temperature': 142.0}
2025-09-10 15:22:57 | INFO | Sent message to topic 'smoker_csv': {'timestamp': '2025-09-10T20:22:57.055441', 'temperature': 142.2}
2025-09-10 15:23:02 | INFO | Sent message to topic 'smoker_csv': {'timestamp': '2025-09-10T20:23:02.062611', 'temperature': 142.0}
2025-09-10 15:23:07 | INFO | Sent message to topic 'smoker_csv': {'timestamp': '2025-09-10T20:23:07.065305', 'temperature': 142.2}
2025-09-10 15:23:12 | INFO | Sent message to topic 'smoker_csv': {'timestamp': '2025-09-10T20:23:12.068318', 'temperature': 142.0}
2025-09-10 15:23:17 | INFO | Sent message to topic 'smoker_csv': {'timestamp': '2025-09-10T20:23:17.071366', 'temperature': 142.2}
2025-09-10 15:23:19 | INFO | Sent message to topic 'smoker_csv': {'timestamp': '2025-09-10T20:23:19.593958', 'temperature': 142.0}
2025-09-10 15:23:24 | INFO | Sent message to topic 'smoker_csv': {'timestamp': '2025-09-10T20:23:24.598676', 'temperature': 142.2}
2025-09-10 15:23:29 | INFO | Sent message to topic 'smoker_csv': {'timestamp': '2025-09-10T20:23:29.600921', 'temperature': 142.0}
2025-09-10 15:23:34 | INFO | Sent message to topic 'smoker_csv': {'timestamp': '2025-09-10T20:23:34.603744', 'temperature': 142.2}
2025-09-10 15:23:39 | INFO | Sent message to topic 'smoker_csv': {'timestamp': '2025-09-10T20:23:39.609781', 'temperature': 142.0}
2025-09-10 15:23:44 | INFO | Sent message to topic 'smoker_csv': {'timestamp': '2025-09-10T20:23:44.612442', 'temperature': 142.2}
2025-09-10 15:23:47 | INFO | Sent message to topic 'smoker_csv': {'timestamp': '2025-09-10T20:23:47.140122', 'temperature': 142.0}
2025-09-10 15:23:52 | INFO | Sent message to topic 'smoker_csv': {'timestamp': '2025-09-10T20:23:52.146306', 'temperature': 142.2}
2025-09-10 15:23:57 | INFO | Sent message to topic 'smoker_csv': {'timestamp': '2025-09-10T20:23:57.158162', 'temperature': 142.0}
2025-09-10 15:24:02 | INFO | Sent message to topic 'smoker_csv': {'timestamp': '2025-09-10T20:24:02.161613', 'temperature': 142.2}
2025-09-10 15:24:07 | INFO | Sent message to topic 'smoker_csv': {'timestamp': '2025-09-10T20:24:07.164963', 'temperature': 142.0}
2025-09-10 15:24:12 | INFO | Sent message to topic 'smoker_csv': {'timestamp': '2025-09-10T20:24:12.177084', 'temperature': 142.2}
2025-09-10 15:24:17 | INFO | Sent message to topic 'smoker_csv': {'timestamp': '2025-09-10T20:24:17.181107', 'temperature': 142.0}
2025-09-10 15:24:19 | INFO | Sent message to topic 'smoker_csv': {'timestamp': '2025-09-10T20:24:19.702509', 'temperature': 142.2}
2025-09-10 15:24:24 | INFO | Sent message to topic 'smoker_csv': {'timestamp': '2025-09-10T20:24:24.707531', 'temperature': 142.0}
2025-09-10 15:24:29 | INFO | Sent message to topic 'smoker_csv': {'timestamp': '2025-09-10T20:24:29.712506', 'temperature': 142.2}
2025-09-10 15:24:34 | INFO | Sent message to topic 'smoker_csv': {'timestamp': '2025-09-10T20:24:34.716086', 'temperature': 142.0}
2025-09-10 15:24:39 | INFO | Sent message to topic 'smoker_csv': {'timestamp': '2025-09-10T20:24:39.718984', 'temperature': 142.2}
2025-09-10 15:24:44 | INFO | Sent message to topic 'smoker_csv': {'timestamp': '2025-09-10T20:24:44.722674', 'temperature': 142.0}
2025-09-10 15:24:47 | INFO | Sent message to topic 'smoker_csv': {'timestamp': '2025-09-10T20:24:47.245408', 'temperature': 142.2}
2025-09-10 15:24:52 | INFO | Sent message to topic 'smoker_csv': {'timestamp': '2025-09-10T20:24:52.249392', 'temperature': 142.0}
2025-09-10 15:24:57 | INFO | Sent message to topic 'smoker_csv': {'timestamp': '2025-09-10T20:24:57.254498', 'temperature': 142.2}
2025-09-10 15:25:02 | INFO | Sent message to topic 'smoker_csv': {'timestamp': '2025-09-10T20:25:02.258517', 'temperature': 142.0}
2025-09-10 15:25:07 | INFO | Sent message to topic 'smoker_csv': {'timestamp': '2025-09-10T20:25:07.262169', 'temperature': 142.2}
2025-09-10 15:25:12 | INFO | Sent message to topic 'smoker_csv': {'timestamp': '2025-09-10T20:25:12.266879', 'temperature': 142.0}
2025-09-10 15:25:17 | INFO | Sent message to topic 'smoker_csv': {'timestamp': '2025-09-10T20:25:17.272956', 'temperature': 142.2}
2025-09-10 15:25:19 | INFO | Sent message to topic 'smoker_csv': {'timestamp': '2025-09-10T20:25:19.795775', 'temperature': 142.0}
2025-09-10 15:25:24 | INFO | Sent message to topic 'smoker_csv': {'timestamp': '2025-09-10T20:25:24.797574', 'temperature': 142.2}
2025-09-10 15:25:29 | INFO | Sent message to topic 'smoker_csv': {'timestamp': '2025-09-10T20:25:29.803177', 'temperature': 142.0}
2025-09-10 15:25:34 | INFO | Sent message to topic 'smoker_csv': {'timestamp': '2025-09-10T20:25:34.805930', 'temperature': 142.2}
2025-09-10 15:25:39 | INFO | Sent message to topic 'smoker_csv': {'timestamp': '2025-09-10T20:25:39.809081', 'temperature': 142.0}
2025-09-10 15:25:44 | INFO | Sent message to topic 'smoker_csv': {'timestamp': '2025-09-10T20:25:44.815866', 'temperature': 142.2}
2025-09-10 15:25:47 | INFO | Sent message to topic 'smoker_csv': {'timestamp': '2025-09-10T20:25:47.335736', 'temperature': 142.0}
2025-09-10 15:25:52 | INFO | Sent message to topic 'smoker_csv': {'timestamp': '2025-09-10T20:25:52.338758', 'temperature': 142.2}
2025-09-10 15:25:57 | INFO | Sent message to topic 'smoker_csv': {'timestamp': '2025-09-10T20:25:57.343829', 'temperature': 142.0}
2025-09-10 15:26:02 | INFO | Sent message to topic 'smoker_csv': {'timestamp': '2025-09-10T20:26:02.347471', 'temperature': 142.2}
2025-09-10 15:26:07 | INFO | Sent message to topic 'smoker_csv': {'timestamp': '2025-09-10T20:26:07.349995', 'temperature': 142.0}
2025-09-10 15:26:12 | INFO | Opening data file in read mode: /home/USER/projects/buzzline-03-StCyr/data/smoker_temps.csv
2025-09-10 15:26:12 | INFO | Reading data from file: /home/USER/projects/buzzline-03-StCyr/data/smoker_temps.csv
2025-09-10 15:26:12 | INFO | Sent message to topic 'smoker_csv': {'timestamp': '2025-09-10T20:26:12.353995', 'temperature': 70.4}
2025-09-10 15:26:14 | INFO | Sent message to topic 'smoker_csv': {'timestamp': '2025-09-10T20:26:14.876059', 'temperature': 70.8}
2025-09-10 15:26:19 | INFO | Sent message to topic 'smoker_csv': {'timestamp': '2025-09-10T20:26:19.879269', 'temperature': 71.2}
2025-09-10 15:26:24 | INFO | Sent message to topic 'smoker_csv': {'timestamp': '2025-09-10T20:26:24.881335', 'temperature': 71.6}
2025-09-10 15:26:29 | INFO | Sent message to topic 'smoker_csv': {'timestamp': '2025-09-10T20:26:29.883970', 'temperature': 72.0}
2025-09-10 15:26:34 | INFO | Sent message to topic 'smoker_csv': {'timestamp': '2025-09-10T20:26:34.888659', 'temperature': 72.4}
2025-09-10 15:26:39 | INFO | Sent message to topic 'smoker_csv': {'timestamp': '2025-09-10T20:26:39.895998', 'temperature': 72.8}
2025-09-10 15:26:44 | INFO | Sent message to topic 'smoker_csv': {'timestamp': '2025-09-10T20:26:44.898806', 'temperature': 73.2}
2025-09-10 15:26:47 | INFO | Sent message to topic 'smoker_csv': {'timestamp': '2025-09-10T20:26:47.420071', 'temperature': 73.6}
2025-09-10 15:26:52 | INFO | Sent message to topic 'smoker_csv': {'timestamp': '2025-09-10T20:26:52.424766', 'temperature': 74.0}
2025-09-10 15:26:57 | INFO | Sent message to topic 'smoker_csv': {'timestamp': '2025-09-10T20:26:57.431095', 'temperature': 74.4}
2025-09-10 15:27:02 | INFO | Sent message to topic 'smoker_csv': {'timestamp': '2025-09-10T20:27:02.432859', 'temperature': 74.8}
2025-09-10 15:27:07 | INFO | Sent message to topic 'smoker_csv': {'timestamp': '2025-09-10T20:27:07.436541', 'temperature': 75.2}
2025-09-10 15:27:12 | INFO | Sent message to topic 'smoker_csv': {'timestamp': '2025-09-10T20:27:12.440893', 'temperature': 75.6}
2025-09-10 15:27:14 | INFO | Sent message to topic 'smoker_csv': {'timestamp': '2025-09-10T20:27:14.964697', 'temperature': 76.0}
2025-09-10 15:27:19 | INFO | Sent message to topic 'smoker_csv': {'timestamp': '2025-09-10T20:27:19.968748', 'temperature': 76.4}
2025-09-10 15:27:24 | INFO | Sent message to topic 'smoker_csv': {'timestamp': '2025-09-10T20:27:24.971646', 'temperature': 76.8}
2025-09-10 15:27:29 | INFO | Sent message to topic 'smoker_csv': {'timestamp': '2025-09-10T20:27:29.974347', 'temperature': 77.2}
2025-09-10 15:27:34 | INFO | Sent message to topic 'smoker_csv': {'timestamp': '2025-09-10T20:27:34.976880', 'temperature': 77.6}
2025-09-10 15:27:39 | INFO | Sent message to topic 'smoker_csv': {'timestamp': '2025-09-10T20:27:39.984583', 'temperature': 78.0}
2025-09-10 15:27:44 | INFO | Sent message to topic 'smoker_csv': {'timestamp': '2025-09-10T20:27:44.989975', 'temperature': 78.4}
2025-09-10 15:27:47 | INFO | Sent message to topic 'smoker_csv': {'timestamp': '2025-09-10T20:27:47.514884', 'temperature': 78.8}
2025-09-10 15:27:52 | INFO | Sent message to topic 'smoker_csv': {'timestamp': '2025-09-10T20:27:52.520897', 'temperature': 79.2}
2025-09-10 15:27:57 | INFO | Sent message to topic 'smoker_csv': {'timestamp': '2025-09-10T20:27:57.526265', 'temperature': 79.6}
2025-09-10 15:28:02 | INFO | Sent message to topic 'smoker_csv': {'timestamp': '2025-09-10T20:28:02.530764', 'temperature': 80.0}
2025-09-10 15:28:07 | INFO | Sent message to topic 'smoker_csv': {'timestamp': '2025-09-10T20:28:07.535969', 'temperature': 80.4}
2025-09-10 15:28:12 | INFO | Sent message to topic 'smoker_csv': {'timestamp': '2025-09-10T20:28:12.540837', 'temperature': 80.8}
2025-09-10 15:28:15 | INFO | Sent message to topic 'smoker_csv': {'timestamp': '2025-09-10T20:28:15.068119', 'temperature': 81.2}
2025-09-10 15:28:20 | INFO | Sent message to topic 'smoker_csv': {'timestamp': '2025-09-10T20:28:20.079972', 'temperature': 81.6}
2025-09-10 15:28:25 | INFO | Sent message to topic 'smoker_csv': {'timestamp': '2025-09-10T20:28:25.082939', 'temperature': 82.0}
2025-09-10 15:28:30 | INFO | Sent message to topic 'smoker_csv': {'timestamp': '2025-09-10T20:28:30.084970', 'temperature': 82.4}
2025-09-10 15:28:35 | INFO | Sent message to topic 'smoker_csv': {'timestamp': '2025-09-10T20:28:35.092346', 'temperature': 82.8}
2025-09-10 15:28:40 | INFO | Sent message to topic 'smoker_csv': {'timestamp': '2025-09-10T20:28:40.098335', 'temperature': 83.2}
2025-09-10 15:28:45 | INFO | Sent message to topic 'smoker_csv': {'timestamp': '2025-09-10T20:28:45.104065', 'temperature': 83.6}
2025-09-10 15:28:47 | INFO | Sent message to topic 'smoker_csv': {'timestamp': '2025-09-10T20:28:47.625553', 'temperature': 84.0}
2025-09-10 15:28:52 | INFO | Sent message to topic 'smoker_csv': {'timestamp': '2025-09-10T20:28:52.633877', 'temperature': 84.4}
2025-09-10 15:28:57 | INFO | Sent message to topic 'smoker_csv': {'timestamp': '2025-09-10T20:28:57.639871', 'temperature': 84.8}
2025-09-10 15:29:02 | INFO | Sent message to topic 'smoker_csv': {'timestamp': '2025-09-10T20:29:02.642991', 'temperature': 85.2}
2025-09-10 15:29:07 | INFO | Sent message to topic 'smoker_csv': {'timestamp': '2025-09-10T20:29:07.645489', 'temperature': 85.6}
2025-09-10 15:29:12 | INFO | Sent message to topic 'smoker_csv': {'timestamp': '2025-09-10T20:29:12.650255', 'temperature': 86.0}
2025-09-10 15:29:15 | INFO | Sent message to topic 'smoker_csv': {'timestamp': '2025-09-10T20:29:15.170326', 'temperature': 86.4}
2025-09-10 15:29:20 | INFO | Sent message to topic 'smoker_csv': {'timestamp': '2025-09-10T20:29:20.173183', 'temperature': 86.8}
2025-09-10 15:29:25 | INFO | Sent message to topic 'smoker_csv': {'timestamp': '2025-09-10T20:29:25.188196', 'temperature': 87.2}
2025-09-10 15:29:30 | INFO | Sent message to topic 'smoker_csv': {'timestamp': '2025-09-10T20:29:30.193915', 'temperature': 87.6}
2025-09-10 15:29:35 | INFO | Sent message to topic 'smoker_csv': {'timestamp': '2025-09-10T20:29:35.197206', 'temperature': 88.0}
2025-09-10 15:29:40 | INFO | Sent message to topic 'smoker_csv': {'timestamp': '2025-09-10T20:29:40.204111', 'temperature': 88.4}
2025-09-10 15:29:45 | INFO | Sent message to topic 'smoker_csv': {'timestamp': '2025-09-10T20:29:45.207975', 'temperature': 88.8}
2025-09-10 15:29:47 | INFO | Sent message to topic 'smoker_csv': {'timestamp': '2025-09-10T20:29:47.721257', 'temperature': 89.2}
2025-09-10 15:29:52 | INFO | Sent message to topic 'smoker_csv': {'timestamp': '2025-09-10T20:29:52.728828', 'temperature': 89.6}
2025-09-10 15:29:57 | INFO | Sent message to topic 'smoker_csv': {'timestamp': '2025-09-10T20:29:57.732854', 'temperature': 90.0}
2025-09-10 15:30:02 | INFO | Sent message to topic 'smoker_csv': {'timestamp': '2025-09-10T20:30:02.737707', 'temperature': 90.4}
2025-09-10 15:30:07 | INFO | Sent message to topic 'smoker_csv': {'timestamp': '2025-09-10T20:30:07.742765', 'temperature': 90.8}
2025-09-10 15:30:12 | INFO | Sent message to topic 'smoker_csv': {'timestamp': '2025-09-10T20:30:12.758377', 'temperature': 91.2}
2025-09-10 15:30:15 | INFO | Sent message to topic 'smoker_csv': {'timestamp': '2025-09-10T20:30:15.287922', 'temperature': 91.6}
2025-09-10 15:30:20 | INFO | Sent message to topic 'smoker_csv': {'timestamp': '2025-09-10T20:30:20.297797', 'temperature': 92.0}
2025-09-10 15:30:25 | INFO | Sent message to topic 'smoker_csv': {'timestamp': '2025-09-10T20:30:25.306598', 'temperature': 92.4}
2025-09-10 15:30:30 | INFO | Sent message to topic 'smoker_csv': {'timestamp': '2025-09-10T20:30:30.310151', 'temperature': 92.8}
2025-09-10 15:30:35 | INFO | Sent message to topic 'smoker_csv': {'timestamp': '2025-09-10T20:30:35.314961', 'temperature': 93.2}
2025-09-10 15:30:40 | INFO | Sent message to topic 'smoker_csv': {'timestamp': '2025-09-10T20:30:40.319310', 'temperature': 93.6}
2025-09-10 15:30:42 | INFO | Sent message to topic 'smoker_csv': {'timestamp': '2025-09-10T20:30:42.841349', 'temperature': 94.0}
2025-09-10 15:30:47 | INFO | Sent message to topic 'smoker_csv': {'timestamp': '2025-09-10T20:30:47.846131', 'temperature': 94.4}
2025-09-10 15:30:52 | INFO | Sent message to topic 'smoker_csv': {'timestamp': '2025-09-10T20:30:52.853221', 'temperature': 94.8}
2025-09-10 15:30:57 | INFO | Sent message to topic 'smoker_csv': {'timestamp': '2025-09-10T20:30:57.864623', 'temperature': 95.2}
2025-09-10 15:31:02 | INFO | Sent message to topic 'smoker_csv': {'timestamp': '2025-09-10T20:31:02.868946', 'temperature': 95.6}
2025-09-10 15:31:07 | INFO | Sent message to topic 'smoker_csv': {'timestamp': '2025-09-10T20:31:07.874991', 'temperature': 96.0}
2025-09-10 15:31:12 | INFO | Sent message to topic 'smoker_csv': {'timestamp': '2025-09-10T20:31:12.880499', 'temperature': 96.4}
2025-09-10 15:31:15 | INFO | Sent message to topic 'smoker_csv': {'timestamp': '2025-09-10T20:31:15.404759', 'temperature': 96.8}
2025-09-10 15:31:20 | INFO | Sent message to topic 'smoker_csv': {'timestamp': '2025-09-10T20:31:20.408026', 'temperature': 97.2}
2025-09-10 15:31:25 | INFO | Sent message to topic 'smoker_csv': {'timestamp': '2025-09-10T20:31:25.411026', 'temperature': 97.6}
2025-09-10 15:31:30 | INFO | Sent message to topic 'smoker_csv': {'timestamp': '2025-09-10T20:31:30.415172', 'temperature': 98.0}
2025-09-10 15:31:35 | INFO | Sent message to topic 'smoker_csv': {'timestamp': '2025-09-10T20:31:35.420874', 'temperature': 98.4}
2025-09-10 15:31:40 | INFO | Sent message to topic 'smoker_csv': {'timestamp': '2025-09-10T20:31:40.424828', 'temperature': 98.8}
2025-09-10 15:31:42 | INFO | Sent message to topic 'smoker_csv': {'timestamp': '2025-09-10T20:31:42.944698', 'temperature': 99.2}
2025-09-10 15:31:47 | INFO | Sent message to topic 'smoker_csv': {'timestamp': '2025-09-10T20:31:47.947818', 'temperature': 99.6}
2025-09-10 15:31:52 | INFO | Sent message to topic 'smoker_csv': {'timestamp': '2025-09-10T20:31:52.950766', 'temperature': 100.0}
2025-09-10 15:31:57 | INFO | Sent message to topic 'smoker_csv': {'timestamp': '2025-09-10T20:31:57.953248', 'temperature': 100.4}
2025-09-10 15:32:02 | INFO | Sent message to topic 'smoker_csv': {'timestamp': '2025-09-10T20:32:02.955727', 'temperature': 100.8}
2025-09-10 15:32:07 | INFO | Sent message to topic 'smoker_csv': {'timestamp': '2025-09-10T20:32:07.957791', 'temperature': 101.2}
2025-09-10 15:32:12 | INFO | Sent message to topic 'smoker_csv': {'timestamp': '2025-09-10T20:32:12.966589', 'temperature': 101.6}
2025-09-10 15:32:15 | INFO | Sent message to topic 'smoker_csv': {'timestamp': '2025-09-10T20:32:15.488677', 'temperature': 102.0}
2025-09-10 15:32:20 | INFO | Sent message to topic 'smoker_csv': {'timestamp': '2025-09-10T20:32:20.492281', 'temperature': 102.4}
2025-09-10 15:32:25 | INFO | Sent message to topic 'smoker_csv': {'timestamp': '2025-09-10T20:32:25.495474', 'temperature': 102.8}
2025-09-10 15:32:30 | INFO | Sent message to topic 'smoker_csv': {'timestamp': '2025-09-10T20:32:30.503099', 'temperature': 103.2}
2025-09-10 15:32:35 | INFO | Sent message to topic 'smoker_csv': {'timestamp': '2025-09-10T20:32:35.508721', 'temperature': 103.6}
2025-09-10 15:32:40 | INFO | Sent message to topic 'smoker_csv': {'timestamp': '2025-09-10T20:32:40.513647', 'temperature': 104.0}
2025-09-10 15:32:43 | INFO | Sent message to topic 'smoker_csv': {'timestamp': '2025-09-10T20:32:43.034173', 'temperature': 104.4}
2025-09-10 15:32:48 | INFO | Sent message to topic 'smoker_csv': {'timestamp': '2025-09-10T20:32:48.035976', 'temperature': 104.8}
2025-09-10 15:32:53 | INFO | Sent message to topic 'smoker_csv': {'timestamp': '2025-09-10T20:32:53.039432', 'temperature': 105.2}
2025-09-10 15:32:58 | INFO | Sent message to topic 'smoker_csv': {'timestamp': '2025-09-10T20:32:58.043821', 'temperature': 105.6}
2025-09-10 15:33:03 | INFO | Sent message to topic 'smoker_csv': {'timestamp': '2025-09-10T20:33:03.047454', 'temperature': 106.0}
2025-09-10 15:33:08 | INFO | Sent message to topic 'smoker_csv': {'timestamp': '2025-09-10T20:33:08.051587', 'temperature': 106.4}
2025-09-10 15:33:13 | INFO | Sent message to topic 'smoker_csv': {'timestamp': '2025-09-10T20:33:13.055977', 'temperature': 106.8}
2025-09-10 15:33:15 | INFO | Sent message to topic 'smoker_csv': {'timestamp': '2025-09-10T20:33:15.586198', 'temperature': 107.2}
2025-09-10 15:33:20 | INFO | Sent message to topic 'smoker_csv': {'timestamp': '2025-09-10T20:33:20.590434', 'temperature': 107.6}
2025-09-10 15:33:25 | INFO | Sent message to topic 'smoker_csv': {'timestamp': '2025-09-10T20:33:25.594148', 'temperature': 108.0}
2025-09-10 15:33:30 | INFO | Sent message to topic 'smoker_csv': {'timestamp': '2025-09-10T20:33:30.597780', 'temperature': 108.4}
2025-09-10 15:33:35 | INFO | Sent message to topic 'smoker_csv': {'timestamp': '2025-09-10T20:33:35.600885', 'temperature': 108.8}
2025-09-10 15:33:40 | INFO | Sent message to topic 'smoker_csv': {'timestamp': '2025-09-10T20:33:40.607782', 'temperature': 109.2}
2025-09-10 15:33:43 | INFO | Sent message to topic 'smoker_csv': {'timestamp': '2025-09-10T20:33:43.136598', 'temperature': 109.6}
2025-09-10 15:33:48 | INFO | Sent message to topic 'smoker_csv': {'timestamp': '2025-09-10T20:33:48.143774', 'temperature': 110.0}
2025-09-10 15:33:53 | INFO | Sent message to topic 'smoker_csv': {'timestamp': '2025-09-10T20:33:53.148472', 'temperature': 110.4}
2025-09-10 15:33:58 | INFO | Sent message to topic 'smoker_csv': {'timestamp': '2025-09-10T20:33:58.151958', 'temperature': 110.8}
2025-09-10 15:34:03 | INFO | Sent message to topic 'smoker_csv': {'timestamp': '2025-09-10T20:34:03.154598', 'temperature': 111.2}
2025-09-10 15:34:08 | INFO | Sent message to topic 'smoker_csv': {'timestamp': '2025-09-10T20:34:08.159027', 'temperature': 111.6}
2025-09-10 15:34:13 | INFO | Sent message to topic 'smoker_csv': {'timestamp': '2025-09-10T20:34:13.170345', 'temperature': 112.0}
2025-09-10 15:34:15 | INFO | Sent message to topic 'smoker_csv': {'timestamp': '2025-09-10T20:34:15.667920', 'temperature': 112.4}
2025-09-10 15:34:20 | INFO | Sent message to topic 'smoker_csv': {'timestamp': '2025-09-10T20:34:20.671902', 'temperature': 112.8}
2025-09-10 15:34:25 | INFO | Sent message to topic 'smoker_csv': {'timestamp': '2025-09-10T20:34:25.675908', 'temperature': 113.2}
2025-09-10 15:34:30 | INFO | Sent message to topic 'smoker_csv': {'timestamp': '2025-09-10T20:34:30.679708', 'temperature': 113.6}
2025-09-10 15:34:35 | INFO | Sent message to topic 'smoker_csv': {'timestamp': '2025-09-10T20:34:35.682032', 'temperature': 114.0}
2025-09-10 15:34:40 | INFO | Sent message to topic 'smoker_csv': {'timestamp': '2025-09-10T20:34:40.685091', 'temperature': 114.4}
2025-09-10 15:34:43 | INFO | Sent message to topic 'smoker_csv': {'timestamp': '2025-09-10T20:34:43.230594', 'temperature': 114.8}
2025-09-10 15:34:48 | INFO | Sent message to topic 'smoker_csv': {'timestamp': '2025-09-10T20:34:48.233973', 'temperature': 115.2}
2025-09-10 15:34:53 | INFO | Sent message to topic 'smoker_csv': {'timestamp': '2025-09-10T20:34:53.238049', 'temperature': 115.6}
2025-09-10 15:34:58 | INFO | Sent message to topic 'smoker_csv': {'timestamp': '2025-09-10T20:34:58.242393', 'temperature': 116.0}
2025-09-10 15:35:03 | INFO | Sent message to topic 'smoker_csv': {'timestamp': '2025-09-10T20:35:03.245604', 'temperature': 116.4}
2025-09-10 15:35:08 | INFO | Sent message to topic 'smoker_csv': {'timestamp': '2025-09-10T20:35:08.247863', 'temperature': 116.8}
2025-09-10 15:35:10 | INFO | Sent message to topic 'smoker_csv': {'timestamp': '2025-09-10T20:35:10.768653', 'temperature': 117.2}
2025-09-10 15:35:15 | INFO | Sent message to topic 'smoker_csv': {'timestamp': '2025-09-10T20:35:15.773632', 'temperature': 117.6}
2025-09-10 15:35:20 | INFO | Sent message to topic 'smoker_csv': {'timestamp': '2025-09-10T20:35:20.775222', 'temperature': 118.0}
2025-09-10 15:35:25 | INFO | Sent message to topic 'smoker_csv': {'timestamp': '2025-09-10T20:35:25.780993', 'temperature': 118.4}
2025-09-10 15:35:30 | INFO | Sent message to topic 'smoker_csv': {'timestamp': '2025-09-10T20:35:30.785054', 'temperature': 118.8}
